2019-02-26 20:42:00 - DEBUG - symmetric_points - check_line - Функция запущена с входными координатами [(2.0, 2.0), (3.0, 7.0), (4.0, 7.0), (5.0, 2.0)] по оси 1
2019-02-26 20:42:00 - DEBUG - symmetric_points - check_line - Есть вероятность, что все точки симметричны по оси 1
2019-02-26 20:42:00 - DEBUG - symmetric_points - check_line - Симметрия найдена по оси 1
2019-02-26 20:42:00 - DEBUG - symmetric_points - check_line - Функция запущена с входными координатами [(2.0, 2.0), (3.0, 2.0), (4.0, 7.0), (5.0, 7.0)] по оси 1
2019-02-26 20:42:00 - DEBUG - symmetric_points - check_line - Есть вероятность, что все точки симметричны по оси 1
2019-02-26 20:42:00 - DEBUG - symmetric_points - check_line - Не совпадает расстояние м/у точками, подозрительными на симметрию, относительно оси 1
2019-02-26 20:42:00 - DEBUG - symmetric_points - check_line - Функция запущена с входными координатами [(12.0, 10.0), (13.0, 20.0), (15.0, 7.0), (3.0, 2.0)] по оси 1
2019-02-26 20:42:00 - DEBUG - symmetric_points - check_line - Отсутствуют точки, подозрительные на симметрию,  на оси 1
2019-02-26 20:42:00 - DEBUG - symmetric_points - check_line - Функция запущена с входными координатами [(12.0, 10.0), (13.0, 20.0), (15.0, 7.0), (3.0, 2.0)] по оси 1
2019-02-26 20:42:00 - DEBUG - symmetric_points - check_line - Отсутствуют точки, подозрительные на симметрию,  на оси 1
2019-02-26 20:42:00 - DEBUG - symmetric_points - check_line - Функция запущена с входными координатами [(2.0, 10.0), (3.0, 5.0), (2.0, 7.0), (3.0, 2.0)] по оси 1
2019-02-26 20:42:00 - DEBUG - symmetric_points - check_line - Отсутствуют точки, подозрительные на симметрию,  на оси 1
2019-02-26 20:42:00 - DEBUG - symmetric_points - check_line - Функция запущена с входными координатами [(2.0, 10.0), (3.0, 7.0), (2.0, 6.0), (3.0, 9.0)] по оси 1
2019-02-26 20:42:00 - DEBUG - symmetric_points - check_line - Отсутствуют точки, подозрительные на симметрию,  на оси 1
2019-02-26 20:43:43 - DEBUG - symmetric_points - check_line - Функция запущена с входными координатами [(2.0, 2.0), (3.0, 7.0), (4.0, 7.0), (5.0, 2.0)] по оси 1
2019-02-26 20:43:43 - DEBUG - symmetric_points - check_line - Есть вероятность, что все точки симметричны по оси 1
2019-02-26 20:43:43 - DEBUG - symmetric_points - check_line - Симметрия найдена по оси 1
2019-02-26 20:43:43 - DEBUG - symmetric_points - check_line - Функция запущена с входными координатами [(2.0, 2.0), (3.0, 2.0), (4.0, 7.0), (5.0, 7.0)] по оси 1
2019-02-26 20:43:43 - DEBUG - symmetric_points - check_line - Есть вероятность, что все точки симметричны по оси 1
2019-02-26 20:43:43 - DEBUG - symmetric_points - check_line - Не совпадает расстояние м/у точками, подозрительными на симметрию, относительно оси 1
2019-02-26 20:43:43 - DEBUG - symmetric_points - check_line - Функция запущена с входными координатами [(12.0, 10.0), (13.0, 20.0), (15.0, 7.0), (3.0, 2.0)] по оси 1
2019-02-26 20:43:43 - DEBUG - symmetric_points - check_line - Отсутствуют точки, подозрительные на симметрию,  на оси 1
2019-02-26 20:43:43 - DEBUG - symmetric_points - check_line - Функция запущена с входными координатами [(12.0, 10.0), (13.0, 20.0), (15.0, 7.0), (3.0, 2.0)] по оси 0
2019-02-26 20:43:43 - DEBUG - symmetric_points - check_line - Отсутствуют точки, подозрительные на симметрию,  на оси 0
2019-02-26 20:43:43 - DEBUG - symmetric_points - check_line - Функция запущена с входными координатами [(2.0, 10.0), (3.0, 5.0), (2.0, 7.0), (3.0, 2.0)] по оси 0
2019-02-26 20:43:43 - DEBUG - symmetric_points - check_line - Есть вероятность, что все точки симметричны по оси 0
2019-02-26 20:43:43 - DEBUG - symmetric_points - check_line - Не совпадает расстояние м/у точками, подозрительными на симметрию, относительно оси 0
2019-02-26 20:43:43 - DEBUG - symmetric_points - check_line - Функция запущена с входными координатами [(2.0, 10.0), (3.0, 7.0), (2.0, 6.0), (3.0, 9.0)] по оси 0
2019-02-26 20:43:43 - DEBUG - symmetric_points - check_line - Есть вероятность, что все точки симметричны по оси 0
2019-02-26 20:43:43 - DEBUG - symmetric_points - check_line - Симметрия найдена по оси 0
